<?xml version="1.0" encoding="UTF-8"?>
<!-- Generated by org.testng.reporters.JUnitXMLReporter -->
<testsuite hostname="JEEVA-PC" ignored="0" name="Surefire test" tests="16" failures="0" timestamp="06 Sep 2018 07:00:09 GMT" time="102.299" errors="0">
  <testcase name="verifyDemoText" time="0.098" classname="com.SugerCrm.DemoLoginPageTest"/>
  <testcase name="verifyPreferenceText" time="0.036" classname="com.SugerCrm.DemoLoginPageTest"/>
  <testcase name="LanguageDDVisible" time="2.224" classname="com.SugerCrm.DemoLoginPageTest"/>
  <testcase name="DateDDVisible" time="0.102" classname="com.SugerCrm.DemoLoginPageTest"/>
  <testcase name="verifyContactUsText" time="0.039" classname="com.SugerCrm.DemoLoginPageTest"/>
  <testcase name="checkResourceCenterText" time="0.036" classname="com.SugerCrm.DemoLoginPageTest"/>
  <testcase name="LoginAsVP" time="5.087" classname="com.SugerCrm.DemoLoginPageTest"/>
  <testcase name="LoginAsSR" time="13.447" classname="com.SugerCrm.DemoLoginPageTest"/>
  <testcase name="LoginAsCS" time="10.294" classname="com.SugerCrm.DemoLoginPageTest"/>
  <testcase name="verifyResourceLink" time="7.469" classname="com.SugerCrm.DemoLoginPageTest"/>
  <testcase name="SugerCrmCubeIconVisibe" time="0.035" classname="com.SugerCrm.UsersBasePageTest"/>
  <testcase name="verifySugerCubeIcon" time="0.602" classname="com.SugerCrm.UsersBasePageTest"/>
  <testcase name="ClickSugerCubeIcon" time="0.24" classname="com.SugerCrm.UsersBasePageTest"/>
  <testcase name="ClickSugerCubeIconDDBtn" time="0.129" classname="com.SugerCrm.UsersBasePageTest"/>
  <testcase name="DashLetOverFlowBtnVisible" time="0.037" classname="com.SugerCrm.UsersBasePageTest"/>
  <testcase name="notificationsBadgeCountReduced" time="7.593" classname="com.SugerCrm.UsersBasePageTest"/>
</testsuite> <!-- Surefire test -->
