<?xml version="1.0" encoding="UTF-8"?>
<!-- Generated by org.testng.reporters.JUnitXMLReporter -->
<testsuite hostname="JEEVA-PC" ignored="0" name="Surefire test" tests="16" failures="0" timestamp="05 Sep 2018 06:27:47 GMT" time="94.79" errors="0">
  <testcase name="verifyDemoText" time="0.125" classname="com.SugerCrm.DemoLoginPageTest"/>
  <testcase name="verifyPreferenceText" time="0.047" classname="com.SugerCrm.DemoLoginPageTest"/>
  <testcase name="LanguageDDVisible" time="1.154" classname="com.SugerCrm.DemoLoginPageTest"/>
  <testcase name="DateDDVisible" time="0.153" classname="com.SugerCrm.DemoLoginPageTest"/>
  <testcase name="verifyContactUsText" time="0.035" classname="com.SugerCrm.DemoLoginPageTest"/>
  <testcase name="checkResourceCenterText" time="0.045" classname="com.SugerCrm.DemoLoginPageTest"/>
  <testcase name="LoginAsVP" time="5.113" classname="com.SugerCrm.DemoLoginPageTest"/>
  <testcase name="LoginAsSR" time="13.379" classname="com.SugerCrm.DemoLoginPageTest"/>
  <testcase name="LoginAsCS" time="10.336" classname="com.SugerCrm.DemoLoginPageTest"/>
  <testcase name="verifyResourceLink" time="11.823" classname="com.SugerCrm.DemoLoginPageTest"/>
  <testcase name="SugerCrmCubeIconVisibe" time="0.039" classname="com.SugerCrm.UsersBasePageTest"/>
  <testcase name="verifySugerCubeIcon" time="1.32" classname="com.SugerCrm.UsersBasePageTest"/>
  <testcase name="ClickSugerCubeIcon" time="0.182" classname="com.SugerCrm.UsersBasePageTest"/>
  <testcase name="ClickSugerCubeIconDDBtn" time="0.136" classname="com.SugerCrm.UsersBasePageTest"/>
  <testcase name="DashLetOverFlowBtnVisible" time="0.035" classname="com.SugerCrm.UsersBasePageTest"/>
  <testcase name="notificationsBadgeCountReduced" time="7.409" classname="com.SugerCrm.UsersBasePageTest"/>
</testsuite> <!-- Surefire test -->
